<?xml version="1.0" encoding="UTF-8"?>
<testsuite name="yandex.BinarySearchTest" tests="4" skipped="0" failures="0" errors="0" timestamp="2022-06-17T10:54:30" hostname="DESKTOP-MN7HE76" time="0.025">
  <properties/>
  <testcase name="case 1()" classname="yandex.BinarySearchTest" time="0.022"/>
  <testcase name="case 2()" classname="yandex.BinarySearchTest" time="0.001"/>
  <testcase name="case 3()" classname="yandex.BinarySearchTest" time="0.001"/>
  <testcase name="case 4()" classname="yandex.BinarySearchTest" time="0.0"/>
  <system-out><![CDATA[]]></system-out>
  <system-err><![CDATA[]]></system-err>
</testsuite>
